<?xml version="1.0" encoding="UTF-8"?>
<!-- Generated by org.testng.reporters.JUnitXMLReporter -->
<testsuite ignored="4" hostname="LAPTOP-ODC9LKHR" failures="3" tests="12" name="Test" time="15.827" errors="0" timestamp="2021-08-25T16:01:27 IST">
  <testcase classname="com.vtiger.genericlibraries.BaseClass" name="@AfterMethod ConfigureAM" time="0.005">
    <failure type="java.lang.NullPointerException">
      <![CDATA[java.lang.NullPointerException
at java.base/java.util.Objects.requireNonNull(Objects.java:208)
at org.openqa.selenium.interactions.Actions.<init>(Actions.java:65)
at com.vtiger.pomrepolib.HomePage.SignoutfromApp(HomePage.java:46)
at com.vtiger.genericlibraries.BaseClass.ConfigureAM(BaseClass.java:75)
at java.base/java.util.ArrayList.forEach(ArrayList.java:1511)
... Removed 32 stack frames]]>
    </failure>
  </testcase> <!-- @AfterMethod ConfigureAM -->
  <testcase classname="com.vtiger.genericlibraries.BaseClass" name="@BeforeMethod ConfigureBM" time="-1.629887476935E9">
    <skipped/>
  </testcase> <!-- @BeforeMethod ConfigureBM -->
  <testcase classname="com.vtiger.genericlibraries.BaseClass" name="@AfterMethod ConfigureAM" time="-1.629887476947E9">
    <skipped/>
  </testcase> <!-- @AfterMethod ConfigureAM -->
  <testcase classname="com.vtiger.genericlibraries.BaseClass" name="@BeforeMethod ConfigureBM" time="-1.62988747695E9">
    <skipped/>
  </testcase> <!-- @BeforeMethod ConfigureBM -->
  <testcase classname="com.vtiger.genericlibraries.BaseClass" name="@AfterMethod ConfigureAM" time="-1.629887476957E9">
    <skipped/>
  </testcase> <!-- @AfterMethod ConfigureAM -->
  <testcase classname="com.vtiger.genericlibraries.BaseClass" name="@BeforeMethod ConfigureBM" time="-1.62988747696E9">
    <skipped/>
  </testcase> <!-- @BeforeMethod ConfigureBM -->
  <testcase classname="com.vtiger.genericlibraries.BaseClass" name="@AfterMethod ConfigureAM" time="-1.629887476969E9">
    <skipped/>
  </testcase> <!-- @AfterMethod ConfigureAM -->
  <testcase classname="com.vtiger.genericlibraries.BaseClass" name="@BeforeMethod ConfigureBM" time="-1.62988747697E9">
    <skipped/>
  </testcase> <!-- @BeforeMethod ConfigureBM -->
  <testcase classname="com.vtiger.genericlibraries.BaseClass" name="@AfterMethod ConfigureAM" time="-1.629887476977E9">
    <skipped/>
  </testcase> <!-- @AfterMethod ConfigureAM -->
  <testcase classname="com.vtiger.genericlibraries.BaseClass" name="@BeforeMethod ConfigureBM" time="-1.62988747698E9">
    <skipped/>
  </testcase> <!-- @BeforeMethod ConfigureBM -->
  <testcase classname="com.vtiger.genericlibraries.BaseClass" name="@AfterMethod ConfigureAM" time="-1.629887476988E9">
    <skipped/>
  </testcase> <!-- @AfterMethod ConfigureAM -->
  <testcase classname="com.vtiger.genericlibraries.BaseClass" name="@BeforeMethod ConfigureBM" time="-1.629887476991E9">
    <skipped/>
  </testcase> <!-- @BeforeMethod ConfigureBM -->
  <testcase classname="com.vtiger.genericlibraries.BaseClass" name="@AfterMethod ConfigureAM" time="-1.629887477007E9">
    <skipped/>
  </testcase> <!-- @AfterMethod ConfigureAM -->
  <testcase classname="com.vtiger.genericlibraries.BaseClass" name="@AfterClass ConfigureAC" time="-1.62988747701E9">
    <skipped/>
  </testcase> <!-- @AfterClass ConfigureAC -->
  <testcase classname="com.vtiger.genericlibraries.BaseClass" name="@AfterMethod ConfigureAM" time="0.001">
    <failure type="java.lang.NullPointerException">
      <![CDATA[java.lang.NullPointerException
at java.base/java.util.Objects.requireNonNull(Objects.java:208)
at org.openqa.selenium.interactions.Actions.<init>(Actions.java:65)
at com.vtiger.pomrepolib.HomePage.SignoutfromApp(HomePage.java:46)
at com.vtiger.genericlibraries.BaseClass.ConfigureAM(BaseClass.java:75)
at java.base/java.util.ArrayList.forEach(ArrayList.java:1511)
... Removed 32 stack frames]]>
    </failure>
  </testcase> <!-- @AfterMethod ConfigureAM -->
  <testcase classname="com.vtiger.genericlibraries.BaseClass" name="@AfterClass ConfigureAC" time="-1.629887482284E9">
    <skipped/>
  </testcase> <!-- @AfterClass ConfigureAC -->
  <testcase classname="com.vtiger.genericlibraries.BaseClass" name="@AfterMethod ConfigureAM" time="0.001">
    <failure type="java.lang.NullPointerException">
      <![CDATA[java.lang.NullPointerException
at java.base/java.util.Objects.requireNonNull(Objects.java:208)
at org.openqa.selenium.interactions.Actions.<init>(Actions.java:65)
at com.vtiger.pomrepolib.HomePage.SignoutfromApp(HomePage.java:46)
at com.vtiger.genericlibraries.BaseClass.ConfigureAM(BaseClass.java:75)
at java.base/java.util.ArrayList.forEach(ArrayList.java:1511)
... Removed 32 stack frames]]>
    </failure>
  </testcase> <!-- @AfterMethod ConfigureAM -->
  <testcase classname="com.vtiger.genericlibraries.BaseClass" name="@BeforeMethod ConfigureBM" time="-1.629887487377E9">
    <skipped/>
  </testcase> <!-- @BeforeMethod ConfigureBM -->
  <testcase classname="com.vtiger.genericlibraries.BaseClass" name="@AfterMethod ConfigureAM" time="-1.629887487382E9">
    <skipped/>
  </testcase> <!-- @AfterMethod ConfigureAM -->
  <testcase classname="com.vtiger.genericlibraries.BaseClass" name="@BeforeMethod ConfigureBM" time="-1.629887487383E9">
    <skipped/>
  </testcase> <!-- @BeforeMethod ConfigureBM -->
  <testcase classname="com.vtiger.genericlibraries.BaseClass" name="@AfterMethod ConfigureAM" time="-1.629887487391E9">
    <skipped/>
  </testcase> <!-- @AfterMethod ConfigureAM -->
  <testcase classname="com.vtiger.genericlibraries.BaseClass" name="@BeforeMethod ConfigureBM" time="-1.629887487394E9">
    <skipped/>
  </testcase> <!-- @BeforeMethod ConfigureBM -->
  <testcase classname="com.vtiger.genericlibraries.BaseClass" name="@AfterMethod ConfigureAM" time="-1.629887487398E9">
    <skipped/>
  </testcase> <!-- @AfterMethod ConfigureAM -->
  <testcase classname="com.vtiger.genericlibraries.BaseClass" name="@AfterClass ConfigureAC" time="-1.629887487399E9">
    <skipped/>
  </testcase> <!-- @AfterClass ConfigureAC -->
  <testcase classname="com.vtiger.products.testng.TestScripts.TC_SearchProduct" name="SearchProductBypartno" time="0.018">
    <failure type="java.lang.NullPointerException" message="Cannot invoke &amp;quot;org.openqa.selenium.SearchContext.findElement(org.openqa.selenium.By)&amp;quot; because &amp;quot;this.searchContext&amp;quot; is null">
      <![CDATA[java.lang.NullPointerException: Cannot invoke "org.openqa.selenium.SearchContext.findElement(org.openqa.selenium.By)" because "this.searchContext" is null
at org.openqa.selenium.support.pagefactory.DefaultElementLocator.findElement(DefaultElementLocator.java:69)
at org.openqa.selenium.support.pagefactory.internal.LocatingElementHandler.invoke(LocatingElementHandler.java:38)
at jdk.proxy2/jdk.proxy2.$Proxy16.isDisplayed(Unknown Source)
at com.vtiger.products.testng.TestScripts.TC_SearchProduct.SearchProductBypartno(TC_SearchProduct.java:75)
at java.base/java.util.ArrayList.forEach(ArrayList.java:1511)
... Removed 27 stack frames]]>
    </failure>
  </testcase> <!-- SearchProductBypartno -->
  <testcase classname="com.vtiger.products.testng.TestScripts.TC_SearchProduct" name="SearchProductByproductname" time="0.0">
    <skipped/>
  </testcase> <!-- SearchProductByproductname -->
  <testcase classname="com.vtiger.products.testng.TestScripts.TC_SearchProduct" name="SearchProductByproductno" time="0.0">
    <skipped/>
  </testcase> <!-- SearchProductByproductno -->
  <testcase classname="com.vtiger.products.testng.TestScripts.TC_SearchProduct" name="SearchProductByqtybyunit" time="0.0">
    <skipped/>
  </testcase> <!-- SearchProductByqtybyunit -->
  <testcase classname="com.vtiger.products.testng.TestScripts.TC_SearchProduct" name="SearchProductByunitPriceTest" time="0.0">
    <skipped/>
  </testcase> <!-- SearchProductByunitPriceTest -->
  <testcase classname="com.vtiger.products.testng.TestScripts.TC_SearchProduct" name="SearchProductbyCommisionRate" time="0.0">
    <skipped/>
  </testcase> <!-- SearchProductbyCommisionRate -->
  <testcase classname="com.vtiger.products.testng.TestScripts.TC_SearchProduct" name="SearchProductbyQtyinstock" time="0.0">
    <skipped/>
  </testcase> <!-- SearchProductbyQtyinstock -->
  <testcase classname="com.vtiger.products.testng.TestScripts.TC_CreateByProductLink" name="Createproductbyproductlink" time="0.001">
    <failure type="java.lang.NullPointerException" message="Cannot invoke &amp;quot;com.aventstack.extentreports.ExtentReports.createTest(String)&amp;quot; because &amp;quot;this.reports&amp;quot; is null">
      <![CDATA[java.lang.NullPointerException: Cannot invoke "com.aventstack.extentreports.ExtentReports.createTest(String)" because "this.reports" is null
at com.vtiger.products.testng.TestScripts.TC_CreateByProductLink.Createproductbyproductlink(TC_CreateByProductLink.java:14)
at java.base/java.util.ArrayList.forEach(ArrayList.java:1511)
... Removed 27 stack frames]]>
    </failure>
  </testcase> <!-- Createproductbyproductlink -->
  <testcase classname="com.vtiger.products.testng.TestScripts.TC_CreateProduct" name="Create_Product_With_Marketing_group" time="0.002">
    <failure type="java.lang.NullPointerException" message="Cannot invoke &amp;quot;com.aventstack.extentreports.ExtentReports.createTest(String)&amp;quot; because &amp;quot;this.reports&amp;quot; is null">
      <![CDATA[java.lang.NullPointerException: Cannot invoke "com.aventstack.extentreports.ExtentReports.createTest(String)" because "this.reports" is null
at com.vtiger.products.testng.TestScripts.TC_CreateProduct.Create_Product_With_Marketing_group(TC_CreateProduct.java:33)
at java.base/java.util.ArrayList.forEach(ArrayList.java:1511)
... Removed 27 stack frames]]>
    </failure>
  </testcase> <!-- Create_Product_With_Marketing_group -->
  <testcase classname="com.vtiger.products.testng.TestScripts.TC_CreateProduct" name="Create_Product_With_Quick_CreateTest" time="0.0">
    <skipped/>
  </testcase> <!-- Create_Product_With_Quick_CreateTest -->
  <testcase classname="com.vtiger.products.testng.TestScripts.TC_CreateProduct" name="Create_Product_With_Support_group" time="0.0">
    <skipped/>
  </testcase> <!-- Create_Product_With_Support_group -->
  <testcase classname="com.vtiger.products.testng.TestScripts.TC_CreateProduct" name="Create_Product_With_TeamSelling_group" time="0.0">
    <skipped/>
  </testcase> <!-- Create_Product_With_TeamSelling_group -->
  <testcase classname="com.vtiger.genericlibraries.BaseClass" name="@AfterSuite ConfigureAS" time="0.0">
    <ignored/>
  </testcase> <!-- @AfterSuite ConfigureAS -->
  <testcase classname="com.vtiger.genericlibraries.BaseClass" name="@AfterSuite ConfigureAS" time="0.0">
    <ignored/>
  </testcase> <!-- @AfterSuite ConfigureAS -->
  <testcase classname="com.vtiger.genericlibraries.BaseClass" name="@BeforeSuite ConfigureBS" time="0.0">
    <ignored/>
  </testcase> <!-- @BeforeSuite ConfigureBS -->
  <testcase classname="com.vtiger.genericlibraries.BaseClass" name="@BeforeSuite ConfigureBS" time="0.0">
    <ignored/>
  </testcase> <!-- @BeforeSuite ConfigureBS -->
</testsuite> <!-- Test -->
